<?xml version="1.0" encoding="UTF-8"?>
<testng-results ignored="0" total="2" passed="2" failed="0" skipped="0">
  <reporter-output>
  </reporter-output>
  <suite started-at="2024-08-03T15:12:08 EET" name="Default suite" finished-at="2024-08-03T15:12:10 EET" duration-ms="2072">
    <groups>
    </groups>
    <test started-at="2024-08-03T15:12:08 EET" name="Default test" finished-at="2024-08-03T15:12:10 EET" duration-ms="2072">
      <class name="MyTestCases">
        <test-method is-config="true" signature="mySetup()[pri:0, instance:MyTestCases@235f4c10]" started-at="2024-08-03T15:12:08 EET" name="mySetup" finished-at="2024-08-03T15:12:09 EET" duration-ms="1099" status="PASS">
          <reporter-output>
          </reporter-output>
        </test-method> <!-- mySetup -->
        <test-method signature="myTest()[pri:1, instance:MyTestCases@235f4c10]" started-at="2024-08-03T15:12:09 EET" name="myTest" finished-at="2024-08-03T15:12:09 EET" duration-ms="613" status="PASS">
          <reporter-output>
          </reporter-output>
        </test-method> <!-- myTest -->
        <test-method signature="addtoCartAllItems()[pri:2, instance:MyTestCases@235f4c10]" started-at="2024-08-03T15:12:09 EET" name="addtoCartAllItems" finished-at="2024-08-03T15:12:10 EET" duration-ms="286" status="PASS">
          <reporter-output>
          </reporter-output>
        </test-method> <!-- addtoCartAllItems -->
      </class> <!-- MyTestCases -->
    </test> <!-- Default test -->
  </suite> <!-- Default suite -->
</testng-results>
